<?xml version="1.0" encoding="UTF-8"?>
<!-- Generated by org.testng.reporters.JUnitReportReporter -->
<testsuite hostname="DESKTOP-MULBQUB" failures="0" tests="2" name="PostApiTesting" time="3.877" errors="0" timestamp="2023-05-25T00:34:28 IST" skipped="0">
  <testcase classname="PostApiTesting" name="createUserTest" time="2.178"/>
  <system-out/>
  <testcase classname="PostApiTesting" name="updateUserTest" time="1.699"/>
  <system-out/>
</testsuite> <!-- PostApiTesting -->
