<?xml version="1.0" encoding="UTF-8"?>
<!-- Generated by org.testng.reporters.JUnitReportReporter -->
<testsuite hostname="DESKTOP-MULBQUB" failures="0" tests="3" name="ApiTesting" time="4.969" errors="0" timestamp="2023-05-25T00:33:59 IST" skipped="0">
  <testcase classname="ApiTesting" name="updateUserTest" time="1.238"/>
  <system-out/>
  <testcase classname="ApiTesting" name="createUserTest" time="2.192"/>
  <system-out/>
  <testcase classname="ApiTesting" name="getSingleUserTest" time="1.539"/>
  <system-out/>
</testsuite> <!-- ApiTesting -->
