<?xml version="1.0" encoding="UTF-8"?>
<!-- Generated by org.testng.reporters.JUnitReportReporter -->
<testsuite hostname="DESKTOP-MULBQUB" failures="0" tests="1" name="GetApiTesting" time="2.668" errors="0" timestamp="2023-05-25T00:34:14 IST" skipped="0">
  <testcase classname="GetApiTesting" name="getSingleUserTest" time="2.668"/>
  <system-out/>
</testsuite> <!-- GetApiTesting -->
